<?xml version="1.0" encoding="UTF-8"?>
<testng-results ignored="0" total="1" passed="1" failed="0" skipped="0">
  <reporter-output>
  </reporter-output>
  <suite started-at="2022-03-28T09:40:40Z" name="Default suite" finished-at="2022-03-28T09:40:57Z" duration-ms="16644">
    <groups>
    </groups>
    <test started-at="2022-03-28T09:40:40Z" name="Default test" finished-at="2022-03-28T09:40:57Z" duration-ms="16644">
      <class name="com.webElement.MethodsOfWebElement">
        <test-method signature="launchCrome()[pri:0, instance:com.webElement.MethodsOfWebElement@60410cd]" started-at="2022-03-28T09:40:40Z" name="launchCrome" finished-at="2022-03-28T09:40:57Z" duration-ms="16604" status="PASS">
          <reporter-output>
          </reporter-output>
        </test-method> <!-- launchCrome -->
      </class> <!-- com.webElement.MethodsOfWebElement -->
    </test> <!-- Default test -->
  </suite> <!-- Default suite -->
</testng-results>
