<?xml version="1.0" encoding="UTF-8"?>
<testng-results ignored="0" total="1" passed="1" failed="0" skipped="0">
  <reporter-output>
  </reporter-output>
  <suite started-at="2022-03-24T10:16:26Z" name="Default suite" finished-at="2022-03-24T10:16:32Z" duration-ms="6233">
    <groups>
    </groups>
    <test started-at="2022-03-24T10:16:26Z" name="Default test" finished-at="2022-03-24T10:16:32Z" duration-ms="6233">
      <class name="com.webElement.MethodsOfWebElement">
        <test-method signature="launchCrome()[pri:0, instance:com.webElement.MethodsOfWebElement@be68757]" started-at="2022-03-24T10:16:26Z" name="launchCrome" finished-at="2022-03-24T10:16:32Z" duration-ms="6208" status="PASS">
          <reporter-output>
          </reporter-output>
        </test-method> <!-- launchCrome -->
      </class> <!-- com.webElement.MethodsOfWebElement -->
    </test> <!-- Default test -->
  </suite> <!-- Default suite -->
</testng-results>
